<?xml version="1.0" encoding="UTF-8"?>
<!-- Generated by org.testng.reporters.JUnitXMLReporter -->
<testsuite ignored="0" hostname="ATMECSINLT-087" failures="2" tests="3" name="tutorialNinjaTest" time="25.378" errors="0" timestamp="18 Nov 2019 14:23:52 GMT">
  <testcase classname="com.tutorialsninjaandheatclinic.TutorialsninjaAndHeatclinicAutomation.testscripts.TutorialsNinjaFunctionalityValidation" name="tutorialsNinjaHomePageValidation" time="0.05"/>
  <testcase classname="com.tutorialsninjaandheatclinic.TutorialsninjaAndHeatclinicAutomation.testscripts.TutorialsNinjaFunctionalityValidation" name="tutorialsNinjaProductValidation" time="16.99">
    <failure type="java.lang.AssertionError" message="expected [$1,202.00] but found [MacBook Air]">
      <![CDATA[java.lang.AssertionError: expected [$1,202.00] but found [MacBook Air]
at com.tutorialsninjaandheatclinic.TutorialsninjaAndHeatclinicAutomation.pages.TutorialsNinjaValidation.assertion(TutorialsNinjaValidation.java:60)
at com.tutorialsninjaandheatclinic.TutorialsninjaAndHeatclinicAutomation.pages.TutorialsNinjaValidation.productSearchFunctionality(TutorialsNinjaValidation.java:106)
at com.tutorialsninjaandheatclinic.TutorialsninjaAndHeatclinicAutomation.testscripts.TutorialsNinjaFunctionalityValidation.tutorialsNinjaProductValidation(TutorialsNinjaFunctionalityValidation.java:48)
... Removed 32 stack frames]]>
    </failure>
  </testcase> <!-- tutorialsNinjaProductValidation -->
  <testcase classname="com.tutorialsninjaandheatclinic.TutorialsninjaAndHeatclinicAutomation.testscripts.TutorialsNinjaFunctionalityValidation" name="cartValidation" time="1.902">
    <failure type="java.lang.AssertionError" message="expected [$3,852.40] but found [$246.40]">
      <![CDATA[java.lang.AssertionError: expected [$3,852.40] but found [$246.40]
at com.tutorialsninjaandheatclinic.TutorialsninjaAndHeatclinicAutomation.pages.TutorialsNinjaValidation.assertion(TutorialsNinjaValidation.java:60)
at com.tutorialsninjaandheatclinic.TutorialsninjaAndHeatclinicAutomation.testscripts.TutorialsNinjaFunctionalityValidation.cartValidation(TutorialsNinjaFunctionalityValidation.java:62)
... Removed 32 stack frames]]>
    </failure>
  </testcase> <!-- cartValidation -->
</testsuite> <!-- tutorialNinjaTest -->
