<?xml version="1.0" encoding="UTF-8"?>
<testng-results ignored="0" total="5" passed="4" failed="1" skipped="0">
  <reporter-output>
  </reporter-output>
  <suite started-at="2019-11-18T14:14:27Z" name="tutorialsNinja" finished-at="2019-11-18T14:15:12Z" duration-ms="45530">
    <groups>
    </groups>
    <test started-at="2019-11-18T14:14:27Z" name="tutorialNinjaTest" finished-at="2019-11-18T14:15:12Z" duration-ms="45530">
      <class name="com.tutorialsninjaandheatclinic.TutorialsninjaAndHeatclinicAutomation.testscripts.TutorialsNinjaFunctionalityValidation">
        <test-method is-config="true" signature="intitailizeBrowser(org.testng.ITestContext)[pri:0, instance:com.tutorialsninjaandheatclinic.TutorialsninjaAndHeatclinicAutomation.testscripts.TutorialsNinjaFunctionalityValidation@510f3d34]" started-at="2019-11-18T14:14:27Z" name="intitailizeBrowser" finished-at="2019-11-18T14:14:32Z" duration-ms="5090" status="PASS">
          <params>
            <param index="0">
              <value>
                <![CDATA[org.testng.TestRunner@bfec2f9]]>
              </value>
            </param>
          </params>
          <reporter-output>
          </reporter-output>
        </test-method> <!-- intitailizeBrowser -->
        <test-method is-config="true" signature="intailization()[pri:0, instance:com.tutorialsninjaandheatclinic.TutorialsninjaAndHeatclinicAutomation.testscripts.TutorialsNinjaFunctionalityValidation@510f3d34]" started-at="2019-11-18T14:14:32Z" name="intailization" finished-at="2019-11-18T14:14:32Z" depends-on-methods="com.tutorialsninjaandheatclinic.TutorialsninjaAndHeatclinicAutomation.base.TestBase.intitailizeBrowser" duration-ms="56" status="PASS">
          <reporter-output>
          </reporter-output>
        </test-method> <!-- intailization -->
        <test-method signature="tutorialsNinjaHomePageValidation()[pri:1, instance:com.tutorialsninjaandheatclinic.TutorialsninjaAndHeatclinicAutomation.testscripts.TutorialsNinjaFunctionalityValidation@510f3d34]" started-at="2019-11-18T14:14:32Z" name="tutorialsNinjaHomePageValidation" finished-at="2019-11-18T14:14:32Z" duration-ms="45" status="PASS">
          <reporter-output>
          </reporter-output>
        </test-method> <!-- tutorialsNinjaHomePageValidation -->
        <test-method signature="tutorialsNinjaProductValidation()[pri:2, instance:com.tutorialsninjaandheatclinic.TutorialsninjaAndHeatclinicAutomation.testscripts.TutorialsNinjaFunctionalityValidation@510f3d34]" started-at="2019-11-18T14:14:32Z" name="tutorialsNinjaProductValidation" finished-at="2019-11-18T14:14:56Z" duration-ms="24436" status="PASS">
          <reporter-output>
          </reporter-output>
        </test-method> <!-- tutorialsNinjaProductValidation -->
        <test-method signature="cartValidation()[pri:3, instance:com.tutorialsninjaandheatclinic.TutorialsninjaAndHeatclinicAutomation.testscripts.TutorialsNinjaFunctionalityValidation@510f3d34]" started-at="2019-11-18T14:14:57Z" name="cartValidation" finished-at="2019-11-18T14:15:03Z" duration-ms="6165" status="PASS">
          <reporter-output>
          </reporter-output>
        </test-method> <!-- cartValidation -->
        <test-method is-config="true" signature="endTest()[pri:0, instance:com.tutorialsninjaandheatclinic.TutorialsninjaAndHeatclinicAutomation.testscripts.TutorialsNinjaFunctionalityValidation@510f3d34]" started-at="2019-11-18T14:15:11Z" name="endTest" finished-at="2019-11-18T14:15:12Z" duration-ms="585" status="PASS">
          <reporter-output>
          </reporter-output>
        </test-method> <!-- endTest -->
      </class> <!-- com.tutorialsninjaandheatclinic.TutorialsninjaAndHeatclinicAutomation.testscripts.TutorialsNinjaFunctionalityValidation -->
    </test> <!-- tutorialNinjaTest -->
  </suite> <!-- tutorialsNinja -->
  <suite started-at="2019-11-18T14:15:13Z" name="heatClinic" finished-at="2019-11-18T14:15:37Z" duration-ms="23889">
    <groups>
    </groups>
    <test started-at="2019-11-18T14:15:13Z" name="heatClinicTest" finished-at="2019-11-18T14:15:37Z" duration-ms="23889">
      <class name="com.tutorialsninjaandheatclinic.TutorialsninjaAndHeatclinicAutomation.testscripts.HeatClinicFuctionalityTesting">
        <test-method is-config="true" signature="intitailizeBrowser(org.testng.ITestContext)[pri:0, instance:com.tutorialsninjaandheatclinic.TutorialsninjaAndHeatclinicAutomation.testscripts.HeatClinicFuctionalityTesting@4e50c791]" started-at="2019-11-18T14:15:13Z" name="intitailizeBrowser" finished-at="2019-11-18T14:15:17Z" duration-ms="4043" status="PASS">
          <params>
            <param index="0">
              <value>
                <![CDATA[org.testng.TestRunner@708eb310]]>
              </value>
            </param>
          </params>
          <reporter-output>
          </reporter-output>
        </test-method> <!-- intitailizeBrowser -->
        <test-method is-config="true" signature="intailization()[pri:0, instance:com.tutorialsninjaandheatclinic.TutorialsninjaAndHeatclinicAutomation.testscripts.HeatClinicFuctionalityTesting@4e50c791]" started-at="2019-11-18T14:15:17Z" name="intailization" finished-at="2019-11-18T14:15:17Z" depends-on-methods="com.tutorialsninjaandheatclinic.TutorialsninjaAndHeatclinicAutomation.base.TestBase.intitailizeBrowser" duration-ms="8" status="PASS">
          <reporter-output>
          </reporter-output>
        </test-method> <!-- intailization -->
        <test-method signature="headerRedirectionValidation()[pri:1, instance:com.tutorialsninjaandheatclinic.TutorialsninjaAndHeatclinicAutomation.testscripts.HeatClinicFuctionalityTesting@4e50c791]" started-at="2019-11-18T14:15:17Z" name="headerRedirectionValidation" finished-at="2019-11-18T14:15:18Z" duration-ms="1028" status="FAIL">
          <exception class="java.lang.AssertionError">
            <message>
              <![CDATA[expected [Broadleaf Commerce Demo Store - Heat Clinic - Hot Sauces] but found []]]>
            </message>
            <full-stacktrace>
              <![CDATA[java.lang.AssertionError: expected [Broadleaf Commerce Demo Store - Heat Clinic - Hot Sauces] but found []
at org.testng.Assert.fail(Assert.java:96)
at org.testng.Assert.failNotEquals(Assert.java:776)
at org.testng.Assert.assertEqualsImpl(Assert.java:137)
at org.testng.Assert.assertEquals(Assert.java:118)
at org.testng.Assert.assertEquals(Assert.java:453)
at org.testng.Assert.assertEquals(Assert.java:463)
at com.tutorialsninjaandheatclinic.TutorialsninjaAndHeatclinicAutomation.pages.TutorialsNinjaValidation.assertion(TutorialsNinjaValidation.java:60)
at com.tutorialsninjaandheatclinic.TutorialsninjaAndHeatclinicAutomation.pages.TutorialsNinjaValidation.pageRedirection(TutorialsNinjaValidation.java:47)
at com.tutorialsninjaandheatclinic.TutorialsninjaAndHeatclinicAutomation.testscripts.HeatClinicFuctionalityTesting.headerRedirectionValidation(HeatClinicFuctionalityTesting.java:67)
at java.base/jdk.internal.reflect.NativeMethodAccessorImpl.invoke0(Native Method)
at java.base/jdk.internal.reflect.NativeMethodAccessorImpl.invoke(NativeMethodAccessorImpl.java:62)
at java.base/jdk.internal.reflect.DelegatingMethodAccessorImpl.invoke(DelegatingMethodAccessorImpl.java:43)
at java.base/java.lang.reflect.Method.invoke(Method.java:567)
at org.testng.internal.MethodInvocationHelper.invokeMethod(MethodInvocationHelper.java:124)
at org.testng.internal.Invoker.invokeMethod(Invoker.java:583)
at org.testng.internal.Invoker.invokeTestMethod(Invoker.java:719)
at org.testng.internal.Invoker.invokeTestMethods(Invoker.java:989)
at org.testng.internal.TestMethodWorker.invokeTestMethods(TestMethodWorker.java:125)
at org.testng.internal.TestMethodWorker.run(TestMethodWorker.java:109)
at org.testng.TestRunner.privateRun(TestRunner.java:648)
at org.testng.TestRunner.run(TestRunner.java:505)
at org.testng.SuiteRunner.runTest(SuiteRunner.java:455)
at org.testng.SuiteRunner.runSequentially(SuiteRunner.java:450)
at org.testng.SuiteRunner.privateRun(SuiteRunner.java:415)
at org.testng.SuiteRunner.run(SuiteRunner.java:364)
at org.testng.SuiteRunnerWorker.runSuite(SuiteRunnerWorker.java:52)
at org.testng.SuiteRunnerWorker.run(SuiteRunnerWorker.java:84)
at org.testng.TestNG.runSuitesSequentially(TestNG.java:1208)
at org.testng.TestNG.runSuitesSequentially(TestNG.java:1204)
at org.testng.TestNG.runSuitesLocally(TestNG.java:1137)
at org.testng.TestNG.runSuites(TestNG.java:1049)
at org.testng.TestNG.run(TestNG.java:1017)
at org.testng.remote.AbstractRemoteTestNG.run(AbstractRemoteTestNG.java:115)
at org.testng.remote.RemoteTestNG.initAndRun(RemoteTestNG.java:251)
at org.testng.remote.RemoteTestNG.main(RemoteTestNG.java:77)
]]>
            </full-stacktrace>
          </exception> <!-- java.lang.AssertionError -->
          <reporter-output>
          </reporter-output>
        </test-method> <!-- headerRedirectionValidation -->
        <test-method signature="merchandiseFunctionality([Ljava.lang.String;)[pri:2, instance:com.tutorialsninjaandheatclinic.TutorialsninjaAndHeatclinicAutomation.testscripts.HeatClinicFuctionalityTesting@4e50c791]" started-at="2019-11-18T14:15:19Z" name="merchandiseFunctionality" data-provider="shirtdata" finished-at="2019-11-18T14:15:36Z" duration-ms="16707" status="PASS">
          <params>
            <param index="0">
              <value>
                <![CDATA[[Ljava.lang.String;@497b560e]]>
              </value>
            </param>
          </params>
          <reporter-output>
          </reporter-output>
        </test-method> <!-- merchandiseFunctionality -->
        <test-method is-config="true" signature="endTest()[pri:0, instance:com.tutorialsninjaandheatclinic.TutorialsninjaAndHeatclinicAutomation.testscripts.HeatClinicFuctionalityTesting@4e50c791]" started-at="2019-11-18T14:15:36Z" name="endTest" finished-at="2019-11-18T14:15:37Z" duration-ms="570" status="PASS">
          <reporter-output>
          </reporter-output>
        </test-method> <!-- endTest -->
      </class> <!-- com.tutorialsninjaandheatclinic.TutorialsninjaAndHeatclinicAutomation.testscripts.HeatClinicFuctionalityTesting -->
    </test> <!-- heatClinicTest -->
  </suite> <!-- heatClinic -->
  <suite started-at="2019-11-18T14:15:37Z" name="tutorialsNinjaAndHeatClinic" finished-at="2019-11-18T14:15:37Z" duration-ms="0">
    <groups>
    </groups>
  </suite> <!-- tutorialsNinjaAndHeatClinic -->
</testng-results>
